{"name":"Amazon Login Test Scenario","testSteps":[{"number":1,"description":"Given User is on the Signin page","duration":7781,"startTime":1598430051388,"result":"SUCCESS"},{"number":2,"description":"When User enters the username and password\r\n| Username | Password |\r\n| abc | abc@123 |","duration":11628,"startTime":1598430059176,"exception":{"errorType":"org.openqa.selenium.NoSuchElementException","message":"no such element: Unable to locate element: {\"method\":\"id\",\"selector\":\"ap_password\"}\n  (Session info: chrome\u003d84.0.4147.135)\n  (Driver info: chromedriver\u003d2.36.540470 (e522d04694c7ebea4ba8821272dbef4f9b818c91),platform\u003dWindows NT 10.0.18362 x86_64) (WARNING: The server did not provide any stacktrace information)\nCommand duration or timeout: 10.07 seconds\nFor documentation on this error, please visit: http://seleniumhq.org/exceptions/no_such_element.html\nBuild info: version: \u00272.53.0\u0027, revision: \u002735ae25b1534ae328c771e0856c93e187490ca824\u0027, time: \u00272016-03-15 10:43:46\u0027\nSystem info: host: \u0027Abhijit\u0027, ip: \u0027192.168.0.160\u0027, os.name: \u0027Windows 10\u0027, os.arch: \u0027amd64\u0027, os.version: \u002710.0\u0027, java.version: \u00271.8.0_60\u0027\nDriver info: org.openqa.selenium.chrome.ChromeDriver\nCapabilities [{applicationCacheEnabled\u003dfalse, rotatable\u003dfalse, mobileEmulationEnabled\u003dfalse, networkConnectionEnabled\u003dfalse, chrome\u003d{chromedriverVersion\u003d2.36.540470 (e522d04694c7ebea4ba8821272dbef4f9b818c91), userDataDir\u003dC:\\Users\\Abhi\\AppData\\Local\\Temp\\scoped_dir18832_5682}, takesHeapSnapshot\u003dtrue, pageLoadStrategy\u003dnormal, databaseEnabled\u003dfalse, handlesAlerts\u003dtrue, hasTouchScreen\u003dfalse, version\u003d84.0.4147.135, platform\u003dXP, browserConnectionEnabled\u003dfalse, nativeEvents\u003dtrue, acceptSslCerts\u003dfalse, acceptInsecureCerts\u003dfalse, locationContextEnabled\u003dtrue, webStorageEnabled\u003dtrue, browserName\u003dchrome, takesScreenshot\u003dtrue, javascriptEnabled\u003dtrue, cssSelectorsEnabled\u003dtrue, setWindowRect\u003dtrue, unexpectedAlertBehaviour\u003d}]\nSession ID: d452f4288e1ab42e25ae361950158abe\n*** Element info: {Using\u003did, value\u003dap_password}\nFor documentation on this error, please visit: http://seleniumhq.org/exceptions/no_such_element.html\nBuild info: version: \u00272.53.0\u0027, revision: \u002735ae25b1534ae328c771e0856c93e187490ca824\u0027, time: \u00272016-03-15 10:43:46\u0027\nSystem info: host: \u0027Abhijit\u0027, ip: \u0027192.168.0.160\u0027, os.name: \u0027Windows 10\u0027, os.arch: \u0027amd64\u0027, os.version: \u002710.0\u0027, java.version: \u00271.8.0_60\u0027\nDriver info: driver.version: unknown","stackTrace":[{"declaringClass":"pages.LoginPage","methodName":"Login","fileName":"LoginPage.java","lineNumber":36},{"declaringClass":"stepDefinitions.StepDefinitions","methodName":"user_enters_the_username_and_password","fileName":"StepDefinitions.java","lineNumber":43},{"declaringClass":"✽","methodName":"When User enters the username and password","fileName":"C:/Users/Abhi/workspace/CucumberSerenityFramework/resources/feature/login.feature","lineNumber":9}],"COLLAPSE_NEW_LINE_HINTS":["AssertionError","Expected","Expecting","ComparisonFailure"]},"result":"ERROR"},{"number":3,"description":"Then User clicks on the loginbutton","duration":39,"startTime":1598430070806,"result":"SKIPPED"}],"userStory":{"id":"amazon-login-feature","storyName":"Amazon Login Feature","path":"C:/Users/Abhi/workspace/CucumberSerenityFramework/resources/feature/login.feature","type":"feature"},"title":"Amazon Login Test Scenario","description":"","tags":[{"name":"Amazon Login Feature","type":"feature"},{"name":"FunctionalTest","type":"tag"},{"name":"Login","type":"tag"}],"startTime":1598430024454,"duration":46393,"testFailureCause":{"errorType":"org.openqa.selenium.NoSuchElementException","message":"no such element: Unable to locate element: {\"method\":\"id\",\"selector\":\"ap_password\"}\n  (Session info: chrome\u003d84.0.4147.135)\n  (Driver info: chromedriver\u003d2.36.540470 (e522d04694c7ebea4ba8821272dbef4f9b818c91),platform\u003dWindows NT 10.0.18362 x86_64) (WARNING: The server did not provide any stacktrace information)\nCommand duration or timeout: 10.07 seconds\nFor documentation on this error, please visit: http://seleniumhq.org/exceptions/no_such_element.html\nBuild info: version: \u00272.53.0\u0027, revision: \u002735ae25b1534ae328c771e0856c93e187490ca824\u0027, time: \u00272016-03-15 10:43:46\u0027\nSystem info: host: \u0027Abhijit\u0027, ip: \u0027192.168.0.160\u0027, os.name: \u0027Windows 10\u0027, os.arch: \u0027amd64\u0027, os.version: \u002710.0\u0027, java.version: \u00271.8.0_60\u0027\nDriver info: org.openqa.selenium.chrome.ChromeDriver\nCapabilities [{applicationCacheEnabled\u003dfalse, rotatable\u003dfalse, mobileEmulationEnabled\u003dfalse, networkConnectionEnabled\u003dfalse, chrome\u003d{chromedriverVersion\u003d2.36.540470 (e522d04694c7ebea4ba8821272dbef4f9b818c91), userDataDir\u003dC:\\Users\\Abhi\\AppData\\Local\\Temp\\scoped_dir18832_5682}, takesHeapSnapshot\u003dtrue, pageLoadStrategy\u003dnormal, databaseEnabled\u003dfalse, handlesAlerts\u003dtrue, hasTouchScreen\u003dfalse, version\u003d84.0.4147.135, platform\u003dXP, browserConnectionEnabled\u003dfalse, nativeEvents\u003dtrue, acceptSslCerts\u003dfalse, acceptInsecureCerts\u003dfalse, locationContextEnabled\u003dtrue, webStorageEnabled\u003dtrue, browserName\u003dchrome, takesScreenshot\u003dtrue, javascriptEnabled\u003dtrue, cssSelectorsEnabled\u003dtrue, setWindowRect\u003dtrue, unexpectedAlertBehaviour\u003d}]\nSession ID: d452f4288e1ab42e25ae361950158abe\n*** Element info: {Using\u003did, value\u003dap_password}\nFor documentation on this error, please visit: http://seleniumhq.org/exceptions/no_such_element.html\nBuild info: version: \u00272.53.0\u0027, revision: \u002735ae25b1534ae328c771e0856c93e187490ca824\u0027, time: \u00272016-03-15 10:43:46\u0027\nSystem info: host: \u0027Abhijit\u0027, ip: \u0027192.168.0.160\u0027, os.name: \u0027Windows 10\u0027, os.arch: \u0027amd64\u0027, os.version: \u002710.0\u0027, java.version: \u00271.8.0_60\u0027\nDriver info: driver.version: unknown","stackTrace":[{"declaringClass":"pages.LoginPage","methodName":"Login","fileName":"LoginPage.java","lineNumber":36},{"declaringClass":"stepDefinitions.StepDefinitions","methodName":"user_enters_the_username_and_password","fileName":"StepDefinitions.java","lineNumber":43},{"declaringClass":"✽","methodName":"When User enters the username and password","fileName":"C:/Users/Abhi/workspace/CucumberSerenityFramework/resources/feature/login.feature","lineNumber":9}],"COLLAPSE_NEW_LINE_HINTS":["AssertionError","Expected","Expecting","ComparisonFailure"]},"testFailureClassname":"org.openqa.selenium.NoSuchElementException","testFailureMessage":"no such element: Unable to locate element: {\"method\":\"id\",\"selector\":\"ap_password\"}\n  (Session info: chrome\u003d84.0.4147.135)\n  (Driver info: chromedriver\u003d2.36.540470 (e522d04694c7ebea4ba8821272dbef4f9b818c91),platform\u003dWindows NT 10.0.18362 x86_64) (WARNING: The server did not provide any stacktrace information)\nCommand duration or timeout: 10.07 seconds\nFor documentation on this error, please visit: http://seleniumhq.org/exceptions/no_such_element.html\nBuild info: version: \u00272.53.0\u0027, revision: \u002735ae25b1534ae328c771e0856c93e187490ca824\u0027, time: \u00272016-03-15 10:43:46\u0027\nSystem info: host: \u0027Abhijit\u0027, ip: \u0027192.168.0.160\u0027, os.name: \u0027Windows 10\u0027, os.arch: \u0027amd64\u0027, os.version: \u002710.0\u0027, java.version: \u00271.8.0_60\u0027\nDriver info: org.openqa.selenium.chrome.ChromeDriver\nCapabilities [{applicationCacheEnabled\u003dfalse, rotatable\u003dfalse, mobileEmulationEnabled\u003dfalse, networkConnectionEnabled\u003dfalse, chrome\u003d{chromedriverVersion\u003d2.36.540470 (e522d04694c7ebea4ba8821272dbef4f9b818c91), userDataDir\u003dC:\\Users\\Abhi\\AppData\\Local\\Temp\\scoped_dir18832_5682}, takesHeapSnapshot\u003dtrue, pageLoadStrategy\u003dnormal, databaseEnabled\u003dfalse, handlesAlerts\u003dtrue, hasTouchScreen\u003dfalse, version\u003d84.0.4147.135, platform\u003dXP, browserConnectionEnabled\u003dfalse, nativeEvents\u003dtrue, acceptSslCerts\u003dfalse, acceptInsecureCerts\u003dfalse, locationContextEnabled\u003dtrue, webStorageEnabled\u003dtrue, browserName\u003dchrome, takesScreenshot\u003dtrue, javascriptEnabled\u003dtrue, cssSelectorsEnabled\u003dtrue, setWindowRect\u003dtrue, unexpectedAlertBehaviour\u003d}]\nSession ID: d452f4288e1ab42e25ae361950158abe\n*** Element info: {Using\u003did, value\u003dap_password}\nFor documentation on this error, please visit: http://seleniumhq.org/exceptions/no_such_element.html\nBuild info: version: \u00272.53.0\u0027, revision: \u002735ae25b1534ae328c771e0856c93e187490ca824\u0027, time: \u00272016-03-15 10:43:46\u0027\nSystem info: host: \u0027Abhijit\u0027, ip: \u0027192.168.0.160\u0027, os.name: \u0027Windows 10\u0027, os.arch: \u0027amd64\u0027, os.version: \u002710.0\u0027, java.version: \u00271.8.0_60\u0027\nDriver info: driver.version: unknown","annotatedResult":"ERROR","manual":false,"result":"ERROR"}